<?xml version="1.0" encoding="UTF-8"?>
<!-- Generated by org.testng.reporters.JUnitReportReporter -->
<testsuite hostname="LAPTOP-45U4OBDV" failures="0" tests="3" name="Assign.DemoBlaze" time="45.619" errors="0" timestamp="2025-08-18T11:49:19 IST" skipped="0">
  <testcase classname="Assign.DemoBlaze" name="signUp" time="8.646"/>
  <testcase classname="Assign.DemoBlaze" name="signIn" time="21.062"/>
  <testcase classname="Assign.DemoBlaze" name="placeOrder" time="15.911"/>
</testsuite> <!-- Assign.DemoBlaze -->
