<?xml version="1.0" encoding="UTF-8"?>
<!-- Generated by org.testng.reporters.JUnitReportReporter -->
<testsuite hostname="LAPTOP-45U4OBDV" failures="0" tests="2" name="Assign.Jpetstore" time="82.666" errors="0" timestamp="2025-08-20T10:45:48 IST" skipped="0">
  <testcase classname="Assign.Jpetstore" name="registernow" time="68.882"/>
  <testcase classname="Assign.Jpetstore" name="signin" time="13.784"/>
</testsuite> <!-- Assign.Jpetstore -->
